<?xml version="1.0" encoding="UTF-8"?>
<robot generator="Robot 7.3.2 (Python 3.10.12 on linux)" generated="2025-08-01T16:20:23.063345" rpa="false" schemaversion="5">
<suite id="s1" name="Test" source="/home/JohnDoe/git/robotframework-tabular-report/test">
<suite id="s1-s1" name="Test Source" source="/home/JohnDoe/git/robotframework-tabular-report/test/test_source.robot">
<test id="s1-s1-t1" name="my_first_testcase" line="12">
<kw name="local setup" type="SETUP">
<kw name="Log To Console" owner="BuiltIn">
<arg>Precondition</arg>
<doc>Logs the given message to the console.</doc>
<status status="PASS" start="2025-08-01T16:20:23.086560" elapsed="0.000362"/>
</kw>
<status status="PASS" start="2025-08-01T16:20:23.086201" elapsed="0.000789"/>
</kw>
<kw name="Should Be Equal As Integers" owner="BuiltIn">
<msg time="2025-08-01T16:20:23.087575" level="INFO">Argument types are:
&lt;class 'int'&gt;
&lt;class 'str'&gt;</msg>
<arg>${42}</arg>
<arg>${MY_VAR}</arg>
<doc>Fails if objects are unequal after converting them to integers.</doc>
<status status="PASS" start="2025-08-01T16:20:23.087133" elapsed="0.000516"/>
</kw>
<kw name="Fail" owner="BuiltIn">
<msg time="2025-08-01T16:20:23.087981" level="FAIL">With this test message.</msg>
<arg>With this test message.</arg>
<doc>Fails the test with the given message and optionally alters its tags.</doc>
<status status="FAIL" start="2025-08-01T16:20:23.087796" elapsed="0.000242">With this test message.</status>
</kw>
<kw name="local teardown" type="TEARDOWN">
<kw name="Log To Console" owner="BuiltIn">
<arg>Postcondition</arg>
<doc>Logs the given message to the console.</doc>
<status status="PASS" start="2025-08-01T16:20:23.088556" elapsed="0.000136"/>
</kw>
<status status="PASS" start="2025-08-01T16:20:23.088305" elapsed="0.000460"/>
</kw>
<doc>This is my first test case

And this documentation continues. And I made this too short for the first try, now it should be long enough. Right?

Maybe there's something down here too.</doc>
<tag>and one,with a comma</tag>
<tag>id:12346</tag>
<tag>mytag</tag>
<tag>testttag</tag>
<tag>this from init</tag>
<timeout value="1 minute"/>
<status status="FAIL" start="2025-08-01T16:20:23.085196" elapsed="0.003655">With this test message.</status>
</test>
<meta name="Author:me,myself and I"/>
<meta name="Something"/>
<status status="FAIL" start="2025-08-01T16:20:23.080687" elapsed="0.008678"/>
</suite>
<meta name="this is suite metadata"/>
<status status="FAIL" start="2025-08-01T16:20:23.064060" elapsed="0.025856"/>
</suite>
<statistics>
<total>
<stat pass="0" fail="1" skip="0">All Tests</stat>
</total>
<tag>
<stat pass="0" fail="1" skip="0">and one,with a comma</stat>
<stat pass="0" fail="1" skip="0">id:12346</stat>
<stat pass="0" fail="1" skip="0">mytag</stat>
<stat pass="0" fail="1" skip="0">testttag</stat>
<stat pass="0" fail="1" skip="0">this from init</stat>
</tag>
<suite>
<stat name="Test" id="s1" pass="0" fail="1" skip="0">Test</stat>
<stat name="Test Source" id="s1-s1" pass="0" fail="1" skip="0">Test.Test Source</stat>
</suite>
</statistics>
<errors>
</errors>
</robot>
