<?xml version="1.0" encoding="UTF-8"?>
<robot generator="Robot 7.3.2 (Python 3.10.12 on linux)" generated="2025-08-01T23:33:23.921445" rpa="false" schemaversion="5">
<suite id="s1" name="Test" source="/home/JohnDoe/git/robotframework-tabular-report/test">
<suite id="s1-s1" name="Second Source" source="/home/JohnDoe/git/robotframework-tabular-report/test/second_source.robot">
<test id="s1-s1-t1" name="my_second_testcase" line="2">
<kw name="Log" owner="BuiltIn">
<msg time="2025-08-01T23:33:23.938592" level="INFO">I'm beginning to run out of ideas for these</msg>
<arg>I'm beginning to run out of ideas for these</arg>
<doc>Logs the given message with the given level.</doc>
<status status="PASS" start="2025-08-01T23:33:23.938478" elapsed="0.000166"/>
</kw>
<tag>and one,with a comma</tag>
<tag>this from init</tag>
<status status="PASS" start="2025-08-01T23:33:23.937886" elapsed="0.000904"/>
</test>
<status status="PASS" start="2025-08-01T23:33:23.937018" elapsed="0.002424"/>
</suite>
<suite id="s1-s2" name="Test Source" source="/home/JohnDoe/git/robotframework-tabular-report/test/test_source.robot">
<test id="s1-s2-t1" name="my_first_testcase" line="14">
<kw name="local setup" type="SETUP">
<kw name="Log To Console" owner="BuiltIn">
<arg>Precondition</arg>
<doc>Logs the given message to the console.</doc>
<status status="PASS" start="2025-08-01T23:33:23.945697" elapsed="0.000412"/>
</kw>
<status status="PASS" start="2025-08-01T23:33:23.945445" elapsed="0.000723"/>
</kw>
<kw name="Should Be Equal As Integers" owner="BuiltIn">
<msg time="2025-08-01T23:33:23.946634" level="INFO">Argument types are:
&lt;class 'int'&gt;
&lt;class 'str'&gt;</msg>
<arg>${42}</arg>
<arg>${MY_VAR}</arg>
<doc>Fails if objects are unequal after converting them to integers.</doc>
<status status="PASS" start="2025-08-01T23:33:23.946294" elapsed="0.000401"/>
</kw>
<kw name="Sleep" owner="BuiltIn">
<msg time="2025-08-01T23:33:24.947116" level="INFO">Slept 1 second.</msg>
<arg>1</arg>
<doc>Pauses the test executed for the given time.</doc>
<status status="PASS" start="2025-08-01T23:33:23.946821" elapsed="1.000518"/>
</kw>
<kw name="Fail" owner="BuiltIn">
<msg time="2025-08-01T23:33:24.947887" level="FAIL">With this test message.</msg>
<arg>With this test message.</arg>
<doc>Fails the test with the given message and optionally alters its tags.</doc>
<status status="FAIL" start="2025-08-01T23:33:24.947589" elapsed="0.000364">With this test message.</status>
</kw>
<kw name="local teardown" type="TEARDOWN">
<kw name="Log To Console" owner="BuiltIn">
<arg>Postcondition</arg>
<doc>Logs the given message to the console.</doc>
<status status="PASS" start="2025-08-01T23:33:24.948641" elapsed="0.000178"/>
</kw>
<status status="PASS" start="2025-08-01T23:33:24.948345" elapsed="0.000573"/>
</kw>
<doc>This is my first test case

And this documentation continues. And I made this too short for the first try, now it should be long enough. Right?

Maybe there's something down here too.</doc>
<tag>and one,with a comma</tag>
<tag>id:12346</tag>
<tag>mytag</tag>
<tag>testttag</tag>
<tag>this from init</tag>
<timeout value="1 minute"/>
<status status="FAIL" start="2025-08-01T23:33:23.945075" elapsed="1.003959">With this test message.</status>
</test>
<test id="s1-s2-t2" name="another_testcase_in_same_suite" line="27">
<kw name="Convert To Lower Case" owner="String">
<arg>this</arg>
<doc>Converts string to lower case.</doc>
<status status="PASS" start="2025-08-01T23:33:24.950087" elapsed="0.000251"/>
</kw>
<doc>This one is just as cool as the first.</doc>
<tag>and one,with a comma</tag>
<tag>testttag</tag>
<tag>this from init</tag>
<timeout value="1 minute"/>
<status status="PASS" start="2025-08-01T23:33:24.949606" elapsed="0.000928"/>
</test>
<meta name="Author">me,myself and I</meta>
<meta name="Longer Value">Longer metadata values can be split into multiple
rows. Also *simple* _formatting_ is supported.</meta>
<status status="FAIL" start="2025-08-01T23:33:23.940015" elapsed="1.010988"/>
</suite>
<meta name="this is suite metadata"/>
<status status="FAIL" start="2025-08-01T23:33:23.922160" elapsed="1.029699"/>
</suite>
<statistics>
<total>
<stat pass="2" fail="1" skip="0">All Tests</stat>
</total>
<tag>
<stat pass="2" fail="1" skip="0">and one,with a comma</stat>
<stat pass="0" fail="1" skip="0">id:12346</stat>
<stat pass="0" fail="1" skip="0">mytag</stat>
<stat pass="1" fail="1" skip="0">testttag</stat>
<stat pass="2" fail="1" skip="0">this from init</stat>
</tag>
<suite>
<stat name="Test" id="s1" pass="2" fail="1" skip="0">Test</stat>
<stat name="Second Source" id="s1-s1" pass="1" fail="0" skip="0">Test.Second Source</stat>
<stat name="Test Source" id="s1-s2" pass="1" fail="1" skip="0">Test.Test Source</stat>
</suite>
</statistics>
<errors>
</errors>
</robot>
